<?xml version="1.0" encoding="UTF-8"?>
<testsuite name="When the list of companies is empty" tests="1" skipped="0" failures="0" errors="0" timestamp="2021-01-05T20:59:20" hostname="ysmimaa-Latitude-E6330" time="0.004">
  <properties/>
  <testcase name="Then an empty list is returned" classname="com.company.service.ms.service.CompanyServiceImplTest$CompanyDisplayServicesSpec$DisplayCompanyThrowExceptionSpec" time="0.004"/>
  <system-out><![CDATA[]]></system-out>
  <system-err><![CDATA[]]></system-err>
</testsuite>
