<?xml version="1.0" encoding="UTF-8"?>
<testsuite name="&lt;=******* Company specifications *******=&gt;" tests="0" skipped="0" failures="0" errors="0" timestamp="1970-01-01T00:00:00" hostname="ysmimaa-Latitude-E6330" time="0.0">
  <properties/>
  <system-out><![CDATA[Test beforeALL
Test AfterALL
]]></system-out>
  <system-err><![CDATA[]]></system-err>
</testsuite>
